nohup: ignoring input
Running /home/rreynolds/misc_projects/als-neanderthal-analysis/scripts/01a_munge_sumstats.R...
-- Attaching packages --------------------------------------- tidyverse 1.3.1 --
v ggplot2 3.3.5     v purrr   0.3.4
v tibble  3.1.4     v dplyr   1.0.7
v tidyr   1.1.3     v stringr 1.4.0
v readr   2.0.0     v forcats 0.5.1
-- Conflicts ------------------------------------------ tidyverse_conflicts() --
x dplyr::between()   masks data.table::between()
x dplyr::filter()    masks stats::filter()
x dplyr::first()     masks data.table::first()
x dplyr::lag()       masks stats::lag()
x dplyr::last()      masks data.table::last()
x purrr::transpose() masks data.table::transpose()
[1] "2021-09-03 12:56:58 BST"
[1] "Done running Rscript..."
Running ldsc...
*********************************************************************
* LD Score Regression (LDSC)
* Version 1.0.1
* (C) 2014-2019 Brendan Bulik-Sullivan and Hilary Finucane
* Broad Institute of MIT and Harvard / MIT Department of Mathematics
* GNU General Public License v3
*********************************************************************
Call: 
./munge_sumstats.py \
--out ALS2021.EUR \
--merge-alleles /data/LDScore/Reference_Files/w_hm3.snplist \
--N-col N_effective \
--snp ID \
--sumstats ALS_sumstats_EUR_only.txt 

Interpreting column names as follows:
P-value:	p-Value
Allele2:	Allele 2, interpreted as non-ref allele for signed sumstat.
Allele1:	Allele 1, interpreted as ref allele for signed sumstat.
Effect:	[linear/logistic] regression coefficient (0 --> no effect; above 0 --> A1 is trait/risk increasing)
N_effective:	Sample size
ID:	Variant ID (e.g., rs number)

Reading list of SNPs for allele merge from /data/LDScore/Reference_Files/w_hm3.snplist
Read 1217311 SNPs for allele merge.
Reading sumstats from ALS_sumstats_EUR_only.txt into memory 5000000 SNPs at a time.
... done
Read 10461755 SNPs from --sumstats file.
Removed 9284534 SNPs not in --merge-alleles.
Removed 0 SNPs with missing values.
Removed 0 SNPs with INFO <= 0.9.
Removed 0 SNPs with MAF <= 0.01.
Removed 0 SNPs with out-of-bounds p-values.
Removed 0 variants that were not SNPs or were strand-ambiguous.
1177221 SNPs remain.
Removed 0 SNPs with duplicated rs numbers (1177221 SNPs remain).
Removed 20380 SNPs with N < 53808.6666667 (1156841 SNPs remain).
Median value of Effect was 0.0, which seems sensible.
Removed 3 SNPs whose alleles did not match --merge-alleles (1156838 SNPs remain).
Writing summary statistics for 1217311 SNPs (1156838 with nonmissing beta) to ALS2021.EUR.sumstats.gz.

Metadata:
Mean chi^2 = 1.138
Lambda GC = 1.11
Max chi^2 = 185.849
109 Genome-wide significant SNPs (some may have been removed by filtering).

Conversion finished at Fri Sep  3 12:58:11 2021
Total time elapsed: 1.0m:11.59s
